<?xml version="1.0" encoding="UTF-8"?>
<testsuite name="ContaCorrenteTeste" tests="1" skipped="0" failures="0" errors="0" timestamp="2022-05-01T21:48:32" hostname="DESKTOP-S7MVCCS" time="0.083">
  <properties/>
  <testcase name="testeSacarZero()" classname="ContaCorrenteTeste" time="0.083"/>
  <system-out><![CDATA[VocÃª nÃ£o tem saldo suficiente para sacar!
TESTE SACAR ZERO: Seu saldo atual Ã© de: 0.0
]]></system-out>
  <system-err><![CDATA[]]></system-err>
</testsuite>
